#
# There is insufficient memory for the Java Runtime Environment to continue.
# Native memory allocation (mmap) failed to map 132120576 bytes for G1 virtual space
# Possible reasons:
#   The system is out of physical RAM or swap space
#   The process is running with CompressedOops enabled, and the Java Heap may be blocking the growth of the native heap
# Possible solutions:
#   Reduce memory load on the system
#   Increase physical memory or swap space
#   Check if swap backing store is full
#   Decrease Java heap size (-Xmx/-Xms)
#   Decrease number of Java threads
#   Decrease Java thread stack sizes (-Xss)
#   Set larger code cache with -XX:ReservedCodeCacheSize=
#   JVM is running with Unscaled Compressed Oops mode in which the Java heap is
#     placed in the first 4GB address space. The Java Heap base address is the
#     maximum limit for the native heap growth. Please use -XX:HeapBaseMinAddress
#     to set the Java Heap base and to place the Java Heap above 4GB virtual address.
# This output file may be truncated or incomplete.
#
#  Out of Memory Error (./open/src/hotspot/os/windows/os_windows.cpp:3321), pid=29516, tid=29576
#
# JRE version:  (15.0.2+7) (build )
# Java VM: OpenJDK 64-Bit Server VM (15.0.2+7-27, mixed mode, sharing, tiered, compressed oops, g1 gc, windows-amd64)
# No core dump will be written. Minidumps are not enabled by default on client versions of Windows
#

---------------  S U M M A R Y ------------

Command Line: -Dfile.encoding=Cp1252 -XX:+ShowCodeDetailsInExceptionMessages mypack.Marks

Host: Intel(R) Core(TM) i3-7020U CPU @ 2.30GHz, 4 cores, 7G,  Windows 10 , 64 bit Build 17134 (10.0.17134.753)
Time: Sat Jun 26 13:00:57 2021 India Standard Time elapsed time: 0.110441 seconds (0d 0h 0m 0s)

---------------  T H R E A D  ---------------

Current thread (0x00000225d3bdfdc0):  JavaThread "Unknown thread" [_thread_in_vm, id=29576, stack(0x000000b290400000,0x000000b290500000)]

Stack: [0x000000b290400000,0x000000b290500000]
Native frames: (J=compiled Java code, j=interpreted, Vv=VM code, C=native code)
V  [jvm.dll+0x62ae9a]
V  [jvm.dll+0x7817a9]
V  [jvm.dll+0x782f03]
V  [jvm.dll+0x783563]
V  [jvm.dll+0x216325]
V  [jvm.dll+0x6281d9]
V  [jvm.dll+0x61cf55]
V  [jvm.dll+0x2cffdd]
V  [jvm.dll+0x2cfe42]
V  [jvm.dll+0x2d5e1c]
V  [jvm.dll+0x32590a]
V  [jvm.dll+0x324fd4]
V  [jvm.dll+0x2a6f5a]
V  [jvm.dll+0x2a80f8]
V  [jvm.dll+0x75e241]
V  [jvm.dll+0x3341c4]
V  [jvm.dll+0x73e926]
V  [jvm.dll+0x3b7557]
V  [jvm.dll+0x3b8fe1]
C  [jli.dll+0x52fb]
C  [ucrtbase.dll+0x1e3fe]
C  [KERNEL32.DLL+0x14034]
C  [ntdll.dll+0x73691]


---------------  P R O C E S S  ---------------

Threads class SMR info:
_java_thread_list=0x00007ff965f64ff0, length=0, elements={
}

Java Threads: ( => current thread )

Other Threads:
  0x00000225d3c1df30 GCTaskThread "GC Thread#0" [stack: 0x000000b290500000,0x000000b290600000] [id=29580]
  0x00000225d3c32cf0 ConcurrentGCThread "G1 Main Marker" [stack: 0x000000b290600000,0x000000b290700000] [id=29584]
  0x00000225d3c34880 ConcurrentGCThread "G1 Conc#0" [stack: 0x000000b290700000,0x000000b290800000] [id=29588]

[error occurred during error reporting (printing all threads), id 0xc0000005, EXCEPTION_ACCESS_VIOLATION (0xc0000005) at pc=0x00007ff965757e27]

VM state: not at safepoint (not fully initialized)

VM Mutex/Monitor currently owned by a thread:  ([mutex/lock_event])
[0x00000225d3bdba40] Heap_lock - owner thread: 0x00000225d3bdfdc0

Heap address: 0x0000000082000000, size: 2016 MB, Compressed Oops mode: 32-bit
CDS archive(s) mapped at: [0x0000000000000000-0x0000000000000000-0x0000000000000000), size 0, SharedBaseAddress: 0x0000000800000000, ArchiveRelocationMode: 0.
Narrow klass base: 0x0000000000000000, Narrow klass shift: 0, Narrow klass range: 0x0

Heap:
 garbage-first heap   total 129024K, used 0K [0x0000000082000000, 0x0000000100000000)
  region size 1024K, 0 young (0K), 0 survivors (0K)
 Metaspace       used 0K, capacity 0K, committed 0K, reserved 0K
  class space    used 0K, capacity 0K, committed 0K, reserved 0K

Heap Regions: E=young(eden), S=young(survivor), O=old, HS=humongous(starts), HC=humongous(continues), CS=collection set, F=free, OA=open archive, CA=closed archive, TAMS=top-at-mark-start (previous, next)

Card table byte_map: [0x00000225e8820000,0x00000225e8c10000] _byte_map_base: 0x00000225e8410000

Marking Bits (Prev, Next): (CMBitMap*) 0x00000225d3c21ad0, (CMBitMap*) 0x00000225d3c21b10
 Prev Bits: [0x00000225e9000000, 0x00000225eaf80000)
 Next Bits: [0x00000225eaf80000, 0x00000225ecf00000)

GC Heap History (0 events):
No events

Deoptimization events (0 events):
No events

Classes unloaded (0 events):
No events

Classes redefined (0 events):
No events

Internal exceptions (0 events):
No events

Events (1 events):
Event: 0.015 Loaded shared library C:\Users\RITIK GARG\.p2\pool\plugins\org.eclipse.justj.openjdk.hotspot.jre.full.win32.x86_64_15.0.2.v20210201-0955\jre\bin\java.dll


Dynamic libraries:
0x00007ff63bc30000 - 0x00007ff63bc3d000 	C:\Users\RITIK GARG\.p2\pool\plugins\org.eclipse.justj.openjdk.hotspot.jre.full.win32.x86_64_15.0.2.v20210201-0955\jre\bin\javaw.exe
0x00007ff9c89f0000 - 0x00007ff9c8bd1000 	C:\Windows\SYSTEM32\ntdll.dll
0x00007ff9c7160000 - 0x00007ff9c7211000 	C:\Windows\System32\KERNEL32.DLL
0x00007ff9c4f70000 - 0x00007ff9c51e3000 	C:\Windows\System32\KERNELBASE.dll
0x00007ff9c51f0000 - 0x00007ff9c52e8000 	C:\Windows\System32\ucrtbase.dll
0x00007ff9c09c0000 - 0x00007ff9c09d8000 	C:\Users\RITIK GARG\.p2\pool\plugins\org.eclipse.justj.openjdk.hotspot.jre.full.win32.x86_64_15.0.2.v20210201-0955\jre\bin\jli.dll
0x00007ff9c5e70000 - 0x00007ff9c6000000 	C:\Windows\System32\USER32.dll
0x00007ff9c4f50000 - 0x00007ff9c4f70000 	C:\Windows\System32\win32u.dll
0x00007ff9c8990000 - 0x00007ff9c89b8000 	C:\Windows\System32\GDI32.dll
0x00007ff9c4db0000 - 0x00007ff9c4f41000 	C:\Windows\System32\gdi32full.dll
0x00007ff9c5bf0000 - 0x00007ff9c5c8f000 	C:\Windows\System32\msvcp_win.dll
0x00007ff9bfea0000 - 0x00007ff9bfeb9000 	C:\Users\RITIK GARG\.p2\pool\plugins\org.eclipse.justj.openjdk.hotspot.jre.full.win32.x86_64_15.0.2.v20210201-0955\jre\bin\VCRUNTIME140.dll
0x00007ff9b7e10000 - 0x00007ff9b8079000 	C:\Windows\WinSxS\amd64_microsoft.windows.common-controls_6595b64144ccf1df_6.0.17134.1304_none_d3fbe61b7c93d9f0\COMCTL32.dll
0x00007ff9c70c0000 - 0x00007ff9c715e000 	C:\Windows\System32\msvcrt.dll
0x00007ff9c6600000 - 0x00007ff9c6921000 	C:\Windows\System32\combase.dll
0x00007ff9c6150000 - 0x00007ff9c6274000 	C:\Windows\System32\RPCRT4.dll
0x00007ff9c5da0000 - 0x00007ff9c5e19000 	C:\Windows\System32\bcryptPrimitives.dll
0x00007ff9c6930000 - 0x00007ff9c695d000 	C:\Windows\System32\IMM32.DLL
0x00007ff9c1350000 - 0x00007ff9c135c000 	C:\Users\RITIK GARG\.p2\pool\plugins\org.eclipse.justj.openjdk.hotspot.jre.full.win32.x86_64_15.0.2.v20210201-0955\jre\bin\vcruntime140_1.dll
0x00007ff986c70000 - 0x00007ff986d01000 	C:\Users\RITIK GARG\.p2\pool\plugins\org.eclipse.justj.openjdk.hotspot.jre.full.win32.x86_64_15.0.2.v20210201-0955\jre\bin\msvcp140.dll
0x00007ff9654a0000 - 0x00007ff965ffe000 	C:\Users\RITIK GARG\.p2\pool\plugins\org.eclipse.justj.openjdk.hotspot.jre.full.win32.x86_64_15.0.2.v20210201-0955\jre\bin\server\jvm.dll
0x00007ff9c72a0000 - 0x00007ff9c7341000 	C:\Windows\System32\ADVAPI32.dll
0x00007ff9c6420000 - 0x00007ff9c647b000 	C:\Windows\System32\sechost.dll
0x00007ff9c6ac0000 - 0x00007ff9c6ac8000 	C:\Windows\System32\PSAPI.DLL
0x00007ff9b2cf0000 - 0x00007ff9b2cf9000 	C:\Windows\SYSTEM32\WSOCK32.dll
0x00007ff9c6f30000 - 0x00007ff9c6f9c000 	C:\Windows\System32\WS2_32.dll
0x00007ff9b8090000 - 0x00007ff9b809a000 	C:\Windows\SYSTEM32\VERSION.dll
0x00007ff9c0990000 - 0x00007ff9c09b3000 	C:\Windows\SYSTEM32\WINMM.dll
0x00007ff9c0960000 - 0x00007ff9c098a000 	C:\Windows\SYSTEM32\WINMMBASE.dll
0x00007ff9c5e20000 - 0x00007ff9c5e69000 	C:\Windows\System32\cfgmgr32.dll
0x00007ff9c4d50000 - 0x00007ff9c4d61000 	C:\Windows\System32\kernel.appcore.dll
0x00007ff9c05d0000 - 0x00007ff9c05da000 	C:\Users\RITIK GARG\.p2\pool\plugins\org.eclipse.justj.openjdk.hotspot.jre.full.win32.x86_64_15.0.2.v20210201-0955\jre\bin\jimage.dll
0x00007ff9c3710000 - 0x00007ff9c38d9000 	C:\Windows\SYSTEM32\DBGHELP.DLL
0x00007ff9b0e00000 - 0x00007ff9b0e29000 	C:\Windows\SYSTEM32\dbgcore.DLL
0x00007ff99b7a0000 - 0x00007ff99b7c5000 	C:\Users\RITIK GARG\.p2\pool\plugins\org.eclipse.justj.openjdk.hotspot.jre.full.win32.x86_64_15.0.2.v20210201-0955\jre\bin\java.dll

dbghelp: loaded successfully - version: 4.0.5 - missing functions: none
symbol engine: initialized successfully - sym options: 0x614 - pdb path: .;C:\Users\RITIK GARG\.p2\pool\plugins\org.eclipse.justj.openjdk.hotspot.jre.full.win32.x86_64_15.0.2.v20210201-0955\jre\bin;C:\Windows\SYSTEM32;C:\Windows\WinSxS\amd64_microsoft.windows.common-controls_6595b64144ccf1df_6.0.17134.1304_none_d3fbe61b7c93d9f0;C:\Users\RITIK GARG\.p2\pool\plugins\org.eclipse.justj.openjdk.hotspot.jre.full.win32.x86_64_15.0.2.v20210201-0955\jre\bin\server

VM Arguments:
jvm_args: -Dfile.encoding=Cp1252 -XX:+ShowCodeDetailsInExceptionMessages 
java_command: mypack.Marks
java_class_path (initial): C:\Users\RITIK GARG\Desktop\UMS\bin;C:\Users\RITIK GARG\Downloads\SHAREit\SM-J700F\file\rs2xml (1).jar;C:\Users\RITIK GARG\Downloads\mysql-connector-java-8.0.24\mysql-connector-java-8.0.24.jar
Launcher Type: SUN_STANDARD

[Global flags]
     intx CICompilerCount                          = 3                                         {product} {ergonomic}
     uint ConcGCThreads                            = 1                                         {product} {ergonomic}
     uint G1ConcRefinementThreads                  = 4                                         {product} {ergonomic}
   size_t G1HeapRegionSize                         = 1048576                                   {product} {ergonomic}
    uintx GCDrainStackTargetSize                   = 64                                        {product} {ergonomic}
   size_t InitialHeapSize                          = 132120576                                 {product} {ergonomic}
   size_t MarkStackSize                            = 4194304                                   {product} {ergonomic}
   size_t MaxHeapSize                              = 2113929216                                {product} {ergonomic}
   size_t MinHeapDeltaBytes                        = 1048576                                   {product} {ergonomic}
   size_t MinHeapSize                              = 8388608                                   {product} {ergonomic}
    uintx NonNMethodCodeHeapSize                   = 5832780                                {pd product} {ergonomic}
    uintx NonProfiledCodeHeapSize                  = 122912730                              {pd product} {ergonomic}
    uintx ProfiledCodeHeapSize                     = 122912730                              {pd product} {ergonomic}
    uintx ReservedCodeCacheSize                    = 251658240                              {pd product} {ergonomic}
     bool SegmentedCodeCache                       = true                                      {product} {ergonomic}
     bool ShowCodeDetailsInExceptionMessages       = true                                   {manageable} {command line}
   size_t SoftMaxHeapSize                          = 2113929216                             {manageable} {ergonomic}
     bool UseCompressedClassPointers               = true                                 {lp64_product} {ergonomic}
     bool UseCompressedOops                        = true                                 {lp64_product} {ergonomic}
     bool UseG1GC                                  = true                                      {product} {ergonomic}
     bool UseLargePagesIndividualAllocation        = false                                  {pd product} {ergonomic}

Logging:
Log output configuration:
 #0: stdout all=warning uptime,level,tags
 #1: stderr all=off uptime,level,tags

Environment Variables:
PATH=C:/Users/RITIK GARG/.p2/pool/plugins/org.eclipse.justj.openjdk.hotspot.jre.full.win32.x86_64_15.0.2.v20210201-0955/jre/bin/server;C:/Users/RITIK GARG/.p2/pool/plugins/org.eclipse.justj.openjdk.hotspot.jre.full.win32.x86_64_15.0.2.v20210201-0955/jre/bin;C:\Program Files (x86)\Common Files\Oracle\Java\javapath;C:\Program Files\Java\jdk1.8.0_181\bin;C:\Program Files\Git\cmd;C:\Program Files\Java\jdk1.8.0_201\bin;C:\Program Files\Intel\WiFi\bin\;C:\Program Files\Common Files\Intel\WirelessCommon\;C:\Users\RITIK GARG\AppData\Local\Programs\Microsoft VS Code\bin;C:\Windows\System32;
USERNAME=RITIK GARG
OS=Windows_NT
PROCESSOR_IDENTIFIER=Intel64 Family 6 Model 142 Stepping 9, GenuineIntel



---------------  S Y S T E M  ---------------

OS:
 Windows 10 , 64 bit Build 17134 (10.0.17134.753)
OS uptime: 1 days 2:29 hours

CPU: total 4 (initial active 4) (2 cores per cpu, 2 threads per core) family 6 model 142 stepping 9 microcode 0x8e, cmov, cx8, fxsr, mmx, sse, sse2, sse3, ssse3, sse4.1, sse4.2, popcnt, vzeroupper, avx, avx2, aes, clmul, erms, 3dnowpref, lzcnt, ht, tsc, tscinvbit, bmi1, bmi2, adx, fma, clflush, clflushopt

Memory: 4k page, system-wide physical 8058M (1772M free)
TotalPageFile size 28516M (AvailPageFile size 98M)
current process WorkingSet (physical memory assigned to process): 9M, peak: 9M
current process commit charge ("private bytes"): 51M, peak: 177M

vm_info: OpenJDK 64-Bit Server VM (15.0.2+7-27) for windows-amd64 JRE (15.0.2+7-27), built on Dec  7 2020 20:02:38 by "mach5one" with unknown MS VC++:1925

END.
